Audi A4: 30011.26 PLN (60 rows) -> models/make_model/Audi_A4.pkl
Buick Pozostałe: 0.00 PLN (71 rows) -> models/make_model/Buick_Pozostałe.pkl
Chevrolet Blazer: 0.00 PLN (68 rows) -> models/make_model/Chevrolet_Blazer.pkl
Chevrolet Equinox: 0.00 PLN (143 rows) -> models/make_model/Chevrolet_Equinox.pkl
Chevrolet Malibu: 0.00 PLN (69 rows) -> models/make_model/Chevrolet_Malibu.pkl
Chevrolet Silverado: 2988.89 PLN (89 rows) -> models/make_model/Chevrolet_Silverado.pkl
Chevrolet Trax: 0.00 PLN (55 rows) -> models/make_model/Chevrolet_Trax.pkl
Citroen C3: 13809.90 PLN (50 rows) -> models/make_model/Citroen_C3.pkl
Dodge Charger: 0.00 PLN (53 rows) -> models/make_model/Dodge_Charger.pkl
Dodge Ram: 2135.71 PLN (140 rows) -> models/make_model/Dodge_Ram.pkl
Ford Bronco: 0.00 PLN (55 rows) -> models/make_model/Ford_Bronco.pkl
Ford Escape: 553.14 PLN (80 rows) -> models/make_model/Ford_Escape.pkl
Ford Explorer: 0.00 PLN (72 rows) -> models/make_model/Ford_Explorer.pkl
Ford Focus: 8323.54 PLN (78 rows) -> models/make_model/Ford_Focus.pkl
Ford Mondeo: 9287.67 PLN (53 rows) -> models/make_model/Ford_Mondeo.pkl
Ford Mustang: 31796.65 PLN (62 rows) -> models/make_model/Ford_Mustang.pkl
Ford Pozostałe: 0.00 PLN (128 rows) -> models/make_model/Ford_Pozostałe.pkl
Honda Accord: 3517.89 PLN (92 rows) -> models/make_model/Honda_Accord.pkl
Honda CR-V: 10438.18 PLN (103 rows) -> models/make_model/Honda_CR-V.pkl
Honda Civic: 6126.76 PLN (148 rows) -> models/make_model/Honda_Civic.pkl
Honda HR-V: 4312.87 PLN (61 rows) -> models/make_model/Honda_HR-V.pkl
Honda Pilot: 0.00 PLN (53 rows) -> models/make_model/Honda_Pilot.pkl
Hyundai Elantra: 2932.53 PLN (140 rows) -> models/make_model/Hyundai_Elantra.pkl
Hyundai Pozostałe: 605.44 PLN (63 rows) -> models/make_model/Hyundai_Pozostałe.pkl
Hyundai Sonata: 0.00 PLN (66 rows) -> models/make_model/Hyundai_Sonata.pkl
Hyundai Tucson: 26082.63 PLN (157 rows) -> models/make_model/Hyundai_Tucson.pkl
Hyundai i30: 9133.83 PLN (69 rows) -> models/make_model/Hyundai_i30.pkl
Jeep Cherokee: 8759.43 PLN (88 rows) -> models/make_model/Jeep_Cherokee.pkl
Jeep Compass: 32899.60 PLN (56 rows) -> models/make_model/Jeep_Compass.pkl
Jeep Grand Cherokee: 21319.06 PLN (73 rows) -> models/make_model/Jeep_Grand_Cherokee.pkl
Kia Ceed: 8847.52 PLN (116 rows) -> models/make_model/Kia_Ceed.pkl
Kia Pozostałe: 96.10 PLN (189 rows) -> models/make_model/Kia_Pozostałe.pkl
Kia Sorento: 370.80 PLN (51 rows) -> models/make_model/Kia_Sorento.pkl
Kia Soul: 118.02 PLN (50 rows) -> models/make_model/Kia_Soul.pkl
Kia Sportage: 12064.18 PLN (169 rows) -> models/make_model/Kia_Sportage.pkl
Mazda CX-5: 12533.08 PLN (63 rows) -> models/make_model/Mazda_CX-5.pkl
Mercedes CL: 10025.81 PLN (71 rows) -> models/make_model/Mercedes_CL.pkl
Nissan Altima: 0.00 PLN (114 rows) -> models/make_model/Nissan_Altima.pkl
Nissan Pozostałe: 0.00 PLN (62 rows) -> models/make_model/Nissan_Pozostałe.pkl
Nissan Qashqai: 6671.35 PLN (91 rows) -> models/make_model/Nissan_Qashqai.pkl
Nissan Rogue: 0.00 PLN (132 rows) -> models/make_model/Nissan_Rogue.pkl
Nissan Sentra: 0.00 PLN (108 rows) -> models/make_model/Nissan_Sentra.pkl
Opel Astra: 6370.75 PLN (131 rows) -> models/make_model/Opel_Astra.pkl
Opel Corsa: 13629.95 PLN (54 rows) -> models/make_model/Opel_Corsa.pkl
Opel Insignia: 8386.74 PLN (54 rows) -> models/make_model/Opel_Insignia.pkl
Peugeot 3008: 11391.86 PLN (56 rows) -> models/make_model/Peugeot_3008.pkl
Skoda Octavia: 69488.91 PLN (92 rows) -> models/make_model/Skoda_Octavia.pkl
Subaru Outback: 0.00 PLN (53 rows) -> models/make_model/Subaru_Outback.pkl
Subaru Pozostałe: 145.44 PLN (63 rows) -> models/make_model/Subaru_Pozostałe.pkl
Tesla Model Y: 0.00 PLN (52 rows) -> models/make_model/Tesla_Model_Y.pkl
Toyota C-HR: 20640.42 PLN (80 rows) -> models/make_model/Toyota_C-HR.pkl
Toyota Camry: 7275.71 PLN (157 rows) -> models/make_model/Toyota_Camry.pkl
Toyota Corolla: 26256.40 PLN (354 rows) -> models/make_model/Toyota_Corolla.pkl
Toyota Highlander: 19502.74 PLN (54 rows) -> models/make_model/Toyota_Highlander.pkl
Toyota Pozostałe: 16402.46 PLN (198 rows) -> models/make_model/Toyota_Pozostałe.pkl
Toyota Tacoma: 0.00 PLN (68 rows) -> models/make_model/Toyota_Tacoma.pkl
Toyota Yaris: 11843.19 PLN (120 rows) -> models/make_model/Toyota_Yaris.pkl
Volkswagen Golf: 16852.66 PLN (92 rows) -> models/make_model/Volkswagen_Golf.pkl
Volkswagen Jetta: 7229.32 PLN (73 rows) -> models/make_model/Volkswagen_Jetta.pkl
Volkswagen Passat: 19734.88 PLN (65 rows) -> models/make_model/Volkswagen_Passat.pkl
Volkswagen Tiguan: 21702.88 PLN (85 rows) -> models/make_model/Volkswagen_Tiguan.pkl
Volvo XC60: 39676.58 PLN (50 rows) -> models/make_model/Volvo_XC60.pkl
